<?xml version="1.0" encoding="UTF-8"?>
<!-- Generated by org.testng.reporters.JUnitXMLReporter -->
<testsuite ignored="0" hostname="DESKTOP-6581DCU" failures="1" tests="2" name="CNCv3 AutomationTest" time="0.422" errors="0" timestamp="2020-10-03T12:18:24 IST">
  <testcase classname="com.sunmobility.qa.Testcases.Baseclass" name="@BeforeClass setup" time="0.07">
    <failure type="java.lang.NullPointerException">
      <![CDATA[java.lang.NullPointerException
at java.base/java.util.concurrent.ConcurrentHashMap.putVal(ConcurrentHashMap.java:1011)
at java.base/java.util.concurrent.ConcurrentHashMap.put(ConcurrentHashMap.java:1006)
at java.base/java.util.Properties.put(Properties.java:1334)
at java.base/java.util.Properties.setProperty(Properties.java:229)
at java.base/java.lang.System.setProperty(System.java:929)
at com.sunmobility.qa.Testcases.Baseclass.setup(Baseclass.java:41)
at java.base/java.util.ArrayList.forEach(ArrayList.java:1511)
... Removed 25 stack frames]]>
    </failure>
  </testcase> <!-- @BeforeClass setup -->
  <testcase classname="com.sunmobility.qa.Testcases.Baseclass" name="@AfterClass teardown" time="-1.601707704952E9">
    <skipped/>
  </testcase> <!-- @AfterClass teardown -->
  <testcase classname="com.sunmobility.qa.Testcases.LoginTest" name="LoginTest" time="0.0">
    <skipped/>
  </testcase> <!-- LoginTest -->
  <testcase classname="com.sunmobility.qa.Testcases.LoginTest" name="LoginTest" time="0.024">
    <failure type="java.lang.NullPointerException" message="Cannot invoke &amp;quot;com.aventstack.extentreports.ExtentTest.log(com.aventstack.extentreports.Status, com.aventstack.extentreports.markuputils.Markup)&amp;quot; because &amp;quot;this.logger&amp;quot; is null">
      <![CDATA[java.lang.NullPointerException: Cannot invoke "com.aventstack.extentreports.ExtentTest.log(com.aventstack.extentreports.Status, com.aventstack.extentreports.markuputils.Markup)" because "this.logger" is null
at com.sunmobility.qa.Utilites.Reporting.onTestSkipped(Reporting.java:80)
at java.base/java.util.ArrayList.forEach(ArrayList.java:1511)
... Removed 25 stack frames]]>
    </failure>
  </testcase> <!-- LoginTest -->
</testsuite> <!-- CNCv3 AutomationTest -->
