<?xml version="1.0" encoding="UTF-8"?>
<!-- Generated by org.testng.reporters.JUnitXMLReporter -->
<testsuite ignored="0" hostname="DESKTOP-6581DCU" failures="1" tests="4" name="Test" time="29.499" errors="0" timestamp="2020-10-01T17:15:19 IST">
  <testcase classname="scom.sunmobility.qa.base.Basepage" name="@AfterMethod teardown" time="0.002">
    <failure type="java.lang.NullPointerException" message="Cannot invoke &amp;quot;com.aventstack.extentreports.ExtentTest.fail(String)&amp;quot; because &amp;quot;this.logger&amp;quot; is null">
      <![CDATA[java.lang.NullPointerException: Cannot invoke "com.aventstack.extentreports.ExtentTest.fail(String)" because "this.logger" is null
at scom.sunmobility.qa.base.Basepage.teardown(Basepage.java:206)
at java.base/java.util.ArrayList.forEach(ArrayList.java:1511)
... Removed 32 stack frames]]>
    </failure>
  </testcase> <!-- @AfterMethod teardown -->
  <testcase classname="com.sunmobility.qa.Testcases.BatterStationLiveTest" name="@BeforeMethod openapplication" time="-1.601552719047E9">
    <skipped/>
  </testcase> <!-- @BeforeMethod openapplication -->
  <testcase classname="scom.sunmobility.qa.base.Basepage" name="@AfterMethod teardown" time="-1.601552719077E9">
    <skipped/>
  </testcase> <!-- @AfterMethod teardown -->
  <testcase classname="com.sunmobility.qa.Testcases.BatterStationLiveTest" name="@BeforeMethod openapplication" time="-1.601552719098E9">
    <skipped/>
  </testcase> <!-- @BeforeMethod openapplication -->
  <testcase classname="scom.sunmobility.qa.base.Basepage" name="@AfterMethod teardown" time="-1.60155271913E9">
    <skipped/>
  </testcase> <!-- @AfterMethod teardown -->
  <testcase classname="com.sunmobility.qa.Testcases.BatterStationLiveTest" name="@BeforeMethod openapplication" time="-1.601552719139E9">
    <skipped/>
  </testcase> <!-- @BeforeMethod openapplication -->
  <testcase classname="scom.sunmobility.qa.base.Basepage" name="@AfterMethod teardown" time="-1.601552719152E9">
    <skipped/>
  </testcase> <!-- @AfterMethod teardown -->
  <testcase classname="scom.sunmobility.qa.base.Basepage" name="@AfterTest closereport" time="-1.601552719158E9">
    <skipped/>
  </testcase> <!-- @AfterTest closereport -->
  <testcase classname="com.sunmobility.qa.Testcases.BatterStationLiveTest" name="StaionTemp" time="0.006">
    <failure type="java.lang.NullPointerException" message="Cannot invoke &amp;quot;com.aventstack.extentreports.ExtentTest.info(String)&amp;quot; because &amp;quot;this.logger&amp;quot; is null">
      <![CDATA[java.lang.NullPointerException: Cannot invoke "com.aventstack.extentreports.ExtentTest.info(String)" because "this.logger" is null
at com.sunmobility.qa.Testcases.BatterStationLiveTest.StaionTemp(BatterStationLiveTest.java:70)
at java.base/java.util.ArrayList.forEach(ArrayList.java:1511)
... Removed 27 stack frames]]>
    </failure>
  </testcase> <!-- StaionTemp -->
  <testcase classname="com.sunmobility.qa.Testcases.BatterStationLiveTest" name="getapplicationtitle" time="0.0">
    <skipped/>
  </testcase> <!-- getapplicationtitle -->
  <testcase classname="com.sunmobility.qa.Testcases.BatterStationLiveTest" name="selectzone" time="0.0">
    <skipped/>
  </testcase> <!-- selectzone -->
  <testcase classname="com.sunmobility.qa.Testcases.BatterStationLiveTest" name="stationinformation" time="0.0">
    <skipped/>
  </testcase> <!-- stationinformation -->
</testsuite> <!-- Test -->
