<?xml version="1.0" encoding="UTF-8"?>
<!-- Generated by org.testng.reporters.JUnitXMLReporter -->
<testsuite ignored="0" hostname="DESKTOP-6581DCU" failures="1" tests="3" name="CNCv3 AutomationTest MicrosoftEdge Browser(failed)" time="207.634" errors="0" timestamp="2020-10-22T12:29:02 IST">
  <testcase classname="com.sunmobility.qa.Testcases.PiaggioDriveData_TC_009" name="checkPiaggioData" time="33.721"/>
  <testcase classname="com.sunmobility.qa.Testcases.BatteryLastseenreport_TC_006" name="checkBatteryLasetseen" time="71.516"/>
  <testcase classname="com.sunmobility.qa.Testcases.BatteryServiceTimeTrend_TC_0014" name="checkBatteryServiceTrend" time="69.391">
    <failure type="org.openqa.selenium.TimeoutException" message="Expected condition failed: waiting for visibility of [[EdgeDriver: msedge on WINDOWS (de42ccb6d9fe43ac88cdff928cd8e3de)] -&amp;gt; xpath: //span[.=&amp;apos;Battery Service Time Trend&amp;apos;]] (tried for 45 second(s) with 500 milliseconds interval)
Build info: version: &amp;apos;3.141.59&amp;apos;, revision: &amp;apos;e82be7d358&amp;apos;, time: &amp;apos;2018-11-14T08:17:03&amp;apos;
System info: host: &amp;apos;DESKTOP-6581DCU&amp;apos;, ip: &amp;apos;10.10.30.168&amp;apos;, os.name: &amp;apos;Windows 10&amp;apos;, os.arch: &amp;apos;amd64&amp;apos;, os.version: &amp;apos;10.0&amp;apos;, java.version: &amp;apos;14.0.2&amp;apos;
Driver info: org.openqa.selenium.edge.EdgeDriver
Capabilities {acceptInsecureCerts: false, browserName: msedge, browserVersion: 86.0.622.48, javascriptEnabled: true, ms:edgeOptions: {debuggerAddress: localhost:59951}, msedge: {msedgedriverVersion: 86.0.622.48 (222fc868353db8..., userDataDir: C:\Users\rakesh\AppData\Loc...}, networkConnectionEnabled: false, pageLoadStrategy: normal, platform: WINDOWS, platformName: WINDOWS, proxy: Proxy(), setWindowRect: true, strictFileInteractability: false, timeouts: {implicit: 0, pageLoad: 300000, script: 30000}, unhandledPromptBehavior: dismiss and notify, webauthn:virtualAuthenticators: true}
Session ID: de42ccb6d9fe43ac88cdff928cd8e3de">
      <![CDATA[org.openqa.selenium.TimeoutException: Expected condition failed: waiting for visibility of [[EdgeDriver: msedge on WINDOWS (de42ccb6d9fe43ac88cdff928cd8e3de)] -> xpath: //span[.='Battery Service Time Trend']] (tried for 45 second(s) with 500 milliseconds interval)
Build info: version: '3.141.59', revision: 'e82be7d358', time: '2018-11-14T08:17:03'
System info: host: 'DESKTOP-6581DCU', ip: '10.10.30.168', os.name: 'Windows 10', os.arch: 'amd64', os.version: '10.0', java.version: '14.0.2'
Driver info: org.openqa.selenium.edge.EdgeDriver
Capabilities {acceptInsecureCerts: false, browserName: msedge, browserVersion: 86.0.622.48, javascriptEnabled: true, ms:edgeOptions: {debuggerAddress: localhost:59951}, msedge: {msedgedriverVersion: 86.0.622.48 (222fc868353db8..., userDataDir: C:\Users\rakesh\AppData\Loc...}, networkConnectionEnabled: false, pageLoadStrategy: normal, platform: WINDOWS, platformName: WINDOWS, proxy: Proxy(), setWindowRect: true, strictFileInteractability: false, timeouts: {implicit: 0, pageLoad: 300000, script: 30000}, unhandledPromptBehavior: dismiss and notify, webauthn:virtualAuthenticators: true}
Session ID: de42ccb6d9fe43ac88cdff928cd8e3de
at org.openqa.selenium.support.ui.WebDriverWait.timeoutException(WebDriverWait.java:95)
at org.openqa.selenium.support.ui.FluentWait.until(FluentWait.java:272)
at com.sunmobility.qa.Testcases.Baseclass.webdriverwait(Baseclass.java:118)
at com.sunmobility.qa.pages.BatteryServiceTimeTrendPage.clickonStaionTrend(BatteryServiceTimeTrendPage.java:56)
at com.sunmobility.qa.Testcases.BatteryServiceTimeTrend_TC_0014.checkBatteryServiceTrend(BatteryServiceTimeTrend_TC_0014.java:20)
at java.base/java.util.ArrayList.forEach(ArrayList.java:1511)
... Removed 27 stack frames]]>
    </failure>
  </testcase> <!-- checkBatteryServiceTrend -->
</testsuite> <!-- CNCv3 AutomationTest MicrosoftEdge Browser(failed) -->
