<?xml version="1.0" encoding="UTF-8"?>
<!-- Generated by org.testng.reporters.JUnitXMLReporter -->
<testsuite ignored="0" hostname="DESKTOP-6581DCU" failures="0" tests="2" name="CNCv3 AutomationTest Chrome-Browser(failed)" time="83.346" errors="0" timestamp="2020-10-22T12:25:34 IST">
  <testcase classname="com.sunmobility.qa.Testcases.Daily_Station_Report_TC_012" name="checkDailyStationreport" time="36.586"/>
  <testcase classname="com.sunmobility.qa.Testcases.Battery_Service_Time_TC_008" name="checkBatteryserviceTime" time="27.311"/>
</testsuite> <!-- CNCv3 AutomationTest Chrome-Browser(failed) -->
