<?xml version="1.0" encoding="UTF-8"?>
<testsuite name="TestSuite" time="641.649" tests="18" errors="0" skipped="1" failures="0">
  <properties>
[...]
</properties>
  <testcase name="LoginTest" classname="com.sunmobility.qa.RegressionTestcases.Login_TC_001" time="22.674"/>
  <testcase name="checkstationlive" classname="com.sunmobility.qa.RegressionTestcases.BatteryStationLive_TC_002" time="30.151"/>
  <testcase name="checkBateryLive" classname="com.sunmobility.qa.RegressionTestcases.BatteryLive_TC_003" time="25.534"/>
  <testcase name="clickonstationalert" classname="com.sunmobility.qa.RegressionTestcases.StationalertsLive_TC_004" time="0">
    <skipped/>
    <system-out><![CDATA[Entering user credentials
Selecting the specified locatiion for Battery status
Navigating BatteryLivePage
BatteryLive page is displayed
]]></system-out>
    <system-err><![CDATA[Starting MSEdgeDriver 86.0.622.48 (222fc868353db87b23f2d9d207afabd224e81291) on port 32864
Only local connections are allowed.
Please see https://chromedriver.chromium.org/security-considerations for suggestions on keeping MSEdgeDriver safe.
MSEdgeDriver was started successfully.
[1606105444.387][WARNING]: This version of MSEdgeDriver has not been tested with MSEdge version 87.
Nov 23, 2020 9:54:06 AM org.openqa.selenium.remote.ProtocolHandshake createSession
INFO: Detected dialect: W3C
]]></system-err>
  </testcase>
  <testcase name="clickonstationalert" classname="com.sunmobility.qa.RegressionTestcases.StationalertsLive_TC_004" time="28.309"/>
  <testcase name="checkBatteyAlerts" classname="com.sunmobility.qa.RegressionTestcases.BatteryAlerts_TC_005" time="78.434"/>
  <testcase name="checkBatterysummary" classname="com.sunmobility.qa.RegressionTestcases.Batterysummary_TC_006" time="46.625"/>
  <testcase name="checkswapreport" classname="com.sunmobility.qa.RegressionTestcases.SwapReport_TC_007" time="45.332"/>
  <testcase name="checkBatterysummaryTIUzone" classname="com.sunmobility.qa.RegressionTestcases.BatterysummaryTIU_TC_008" time="38.935"/>
  <testcase name="checkBatteryLasetseen" classname="com.sunmobility.qa.RegressionTestcases.BatteryLastseenreport_TC_009" time="77.345"/>
  <testcase name="checkVehicleReport" classname="com.sunmobility.qa.RegressionTestcases.Daily_Vehicle_Report_TC_010" time="36.387"/>
  <testcase name="checkDailyStationreport" classname="com.sunmobility.qa.RegressionTestcases.Daily_Station_Report_TC_011" time="34.663"/>
  <testcase name="checkBatteryserviceTime" classname="com.sunmobility.qa.RegressionTestcases.Battery_Service_Time_TC_012" time="36.804"/>
  <testcase name="checkStationTrend" classname="com.sunmobility.qa.RegressionTestcases.StationTrend_TC_013" time="37.56"/>
  <testcase name="checkVehicleTrend" classname="com.sunmobility.qa.RegressionTestcases.VehicleTrend_TC_014" time="34.131"/>
  <testcase name="checkBatteryServiceTrend" classname="com.sunmobility.qa.RegressionTestcases.BatteryServiceTimeTrend_TC_015" time="40.234"/>
  <testcase name="checkPiaggioData" classname="com.sunmobility.qa.RegressionTestcases.PiaggioDriveData_TC_016" time="37.273"/>
  <testcase name="checklogo" classname="com.sunmobility.qa.RegressionTestcases.Login_TC_001" time="19.567"/>
</testsuite>