<?xml version="1.0" encoding="UTF-8"?>
<!-- Generated by org.testng.reporters.JUnitXMLReporter -->
<testsuite hostname="DESKTOP-6581DCU" ignored="0" name="CNCv3 AutomationTest Chrome-Browser" tests="18" failures="0" timestamp="23 Nov 2020 04:37:25 GMT" time="917.956" errors="0">
  <testcase name="LoginTest" time="22.682" classname="com.sunmobility.qa.RegressionTestcases.Login_TC_001"/>
  <testcase name="checkstationlive" time="30.151" classname="com.sunmobility.qa.RegressionTestcases.BatteryStationLive_TC_002"/>
  <testcase name="checkBateryLive" time="25.534" classname="com.sunmobility.qa.RegressionTestcases.BatteryLive_TC_003"/>
  <testcase name="clickonstationalert" time="23.58" classname="com.sunmobility.qa.RegressionTestcases.StationalertsLive_TC_004">
    <skipped/>
  </testcase> <!-- clickonstationalert -->
  <testcase name="clickonstationalert" time="28.309" classname="com.sunmobility.qa.RegressionTestcases.StationalertsLive_TC_004"/>
  <testcase name="checkBatteyAlerts" time="78.431" classname="com.sunmobility.qa.RegressionTestcases.BatteryAlerts_TC_005"/>
  <testcase name="checkBatterysummary" time="46.625" classname="com.sunmobility.qa.RegressionTestcases.Batterysummary_TC_006"/>
  <testcase name="checkswapreport" time="45.326" classname="com.sunmobility.qa.RegressionTestcases.SwapReport_TC_007"/>
  <testcase name="checkBatterysummaryTIUzone" time="38.936" classname="com.sunmobility.qa.RegressionTestcases.BatterysummaryTIU_TC_008"/>
  <testcase name="checkBatteryLasetseen" time="77.345" classname="com.sunmobility.qa.RegressionTestcases.BatteryLastseenreport_TC_009"/>
  <testcase name="checkVehicleReport" time="36.388" classname="com.sunmobility.qa.RegressionTestcases.Daily_Vehicle_Report_TC_010"/>
  <testcase name="checkDailyStationreport" time="34.663" classname="com.sunmobility.qa.RegressionTestcases.Daily_Station_Report_TC_011"/>
  <testcase name="checkBatteryserviceTime" time="36.804" classname="com.sunmobility.qa.RegressionTestcases.Battery_Service_Time_TC_012"/>
  <testcase name="checkStationTrend" time="37.561" classname="com.sunmobility.qa.RegressionTestcases.StationTrend_TC_013"/>
  <testcase name="checkVehicleTrend" time="34.132" classname="com.sunmobility.qa.RegressionTestcases.VehicleTrend_TC_014"/>
  <testcase name="checkBatteryServiceTrend" time="40.233" classname="com.sunmobility.qa.RegressionTestcases.BatteryServiceTimeTrend_TC_015"/>
  <testcase name="checkPiaggioData" time="37.272" classname="com.sunmobility.qa.RegressionTestcases.PiaggioDriveData_TC_016"/>
  <testcase name="checklogo" time="19.567" classname="com.sunmobility.qa.RegressionTestcases.Login_TC_001"/>
</testsuite> <!-- CNCv3 AutomationTest Chrome-Browser -->
