<?xml version="1.0" encoding="UTF-8"?>
<!-- Generated by org.testng.reporters.JUnitReportReporter -->
<testsuite hostname="DESKTOP-6581DCU" failures="0" tests="2" name="com.sunmobility.qa.Testcases.BatterysummaryTIU_TC_005" time="78.528" errors="0" timestamp="2020-10-22T12:55:51 IST" skipped="0">
  <testcase classname="com.sunmobility.qa.Testcases.BatterysummaryTIU_TC_005" name="checkBatterysummaryTIUzone" time="42.034"/>
  <system-out/>
  <testcase classname="com.sunmobility.qa.Testcases.BatterysummaryTIU_TC_005" name="checkBatterysummaryTIUzone" time="36.494"/>
  <system-out/>
</testsuite> <!-- com.sunmobility.qa.Testcases.BatterysummaryTIU_TC_005 -->
