<?xml version="1.0" encoding="UTF-8"?>
<!-- Generated by org.testng.reporters.JUnitReportReporter -->
<testsuite hostname="DESKTOP-6581DCU" failures="0" tests="1" name="com.sunmobility.qa.RegressionTestcases.BatteryLastseenreport_TC_009" time="88.729" errors="0" timestamp="2020-11-09T10:16:06 IST" skipped="0">
  <testcase classname="com.sunmobility.qa.RegressionTestcases.BatteryLastseenreport_TC_009" name="checkBatteryLasetseen" time="88.729"/>
  <system-out>
Entering user credentials navigating to batterylast-seen selecting the specifed zone BatteryLastseen data is displayed for specified zone  </system-out>
</testsuite> <!-- com.sunmobility.qa.RegressionTestcases.BatteryLastseenreport_TC_009 -->
