<?xml version="1.0" encoding="UTF-8"?>
<!-- Generated by org.testng.reporters.JUnitReportReporter -->
<testsuite hostname="DESKTOP-6581DCU" failures="0" tests="1" name="com.sunmobility.qa.RegressionTestcases.Batterysummary_TC_006" time="51.306" errors="0" timestamp="2020-11-09T10:16:06 IST" skipped="0">
  <testcase classname="com.sunmobility.qa.RegressionTestcases.Batterysummary_TC_006" name="checkBatterysummary" time="51.306"/>
  <system-out>
Entering user credentials Selecting location selecting service location selecting specified location selecting the specifed stationID The selected data is displayed for specified location and stationID  </system-out>
</testsuite> <!-- com.sunmobility.qa.RegressionTestcases.Batterysummary_TC_006 -->
