<?xml version="1.0" encoding="UTF-8"?>
<!-- Generated by org.testng.reporters.JUnitReportReporter -->
<testsuite hostname="DESKTOP-6581DCU" failures="0" tests="1" name="com.sunmobility.qa.RegressionTestcases.BatteryStationLive_TC_002" time="34.151" errors="0" timestamp="2020-11-09T10:16:06 IST" skipped="0">
  <testcase classname="com.sunmobility.qa.RegressionTestcases.BatteryStationLive_TC_002" name="checkstationlive" time="34.151"/>
  <system-out>
Entering user credentials selecting  specified location navigating to stationlive Selecting station selecting station-ID  </system-out>
</testsuite> <!-- com.sunmobility.qa.RegressionTestcases.BatteryStationLive_TC_002 -->
