<?xml version="1.0" encoding="UTF-8"?>
<!-- Generated by org.testng.reporters.JUnitReportReporter -->
<testsuite hostname="DESKTOP-6581DCU" failures="0" tests="2" name="com.sunmobility.qa.Testcases.Login_TC_001" time="40.237" errors="0" timestamp="2020-10-22T12:55:51 IST" skipped="0">
  <testcase classname="com.sunmobility.qa.Testcases.Login_TC_001" name="LoginTest" time="24.647"/>
  <system-out/>
  <testcase classname="com.sunmobility.qa.Testcases.Login_TC_001" name="LoginTest" time="15.590"/>
  <system-out/>
</testsuite> <!-- com.sunmobility.qa.Testcases.Login_TC_001 -->
