<?xml version="1.0" encoding="UTF-8"?>
<!-- Generated by org.testng.reporters.JUnitReportReporter -->
<testsuite hostname="DESKTOP-6581DCU" failures="0" tests="2" name="com.sunmobility.qa.RegressionTestcases.Login_TC_001" time="56.900" errors="0" timestamp="2020-11-09T10:16:06 IST" skipped="0">
  <testcase classname="com.sunmobility.qa.RegressionTestcases.Login_TC_001" name="LoginTest" time="28.266"/>
  <system-out>
URL is opened Entering user credentials Homepage is displayed Login Test pass  </system-out>
  <testcase classname="com.sunmobility.qa.RegressionTestcases.Login_TC_001" name="checklogo" time="28.634"/>
  <system-out>
application logo is displayed  </system-out>
</testsuite> <!-- com.sunmobility.qa.RegressionTestcases.Login_TC_001 -->
