<?xml version="1.0" encoding="UTF-8"?>
<!-- Generated by org.testng.reporters.JUnitReportReporter -->
<testsuite hostname="DESKTOP-6581DCU" failures="0" tests="2" name="com.sunmobility.qa.RegressionTestcases.PiaggioDriveData_TC_016" time="69.171" errors="0" timestamp="2020-11-09T10:16:06 IST" skipped="1">
  <testcase classname="com.sunmobility.qa.RegressionTestcases.PiaggioDriveData_TC_016" name="checkPiaggioData" time="38.452"/>
  <system-out>
Entering user credentials Navigating to PiaggioData page Selecting the specifed zone Selcting the specifed vehicle  Selecting the specifed manufacturer Selecting the date range for data Data is displayed for specifed zone   </system-out>
  <testcase classname="com.sunmobility.qa.RegressionTestcases.PiaggioDriveData_TC_016" name="checkPiaggioData" time="30.719">
    <skipped/>
  </testcase> <!-- checkPiaggioData -->
  <system-out>
Entering user credentials Navigating to PiaggioData page  </system-out>
</testsuite> <!-- com.sunmobility.qa.RegressionTestcases.PiaggioDriveData_TC_016 -->
