<?xml version="1.0" encoding="UTF-8"?>
<!-- Generated by org.testng.reporters.JUnitReportReporter -->
<testsuite hostname="DESKTOP-6581DCU" failures="0" tests="2" name="com.sunmobility.qa.Testcases.Daily_Station_Report_TC_012" time="63.306" errors="0" timestamp="2020-10-22T12:55:51 IST" skipped="0">
  <testcase classname="com.sunmobility.qa.Testcases.Daily_Station_Report_TC_012" name="checkDailyStationreport" time="31.897"/>
  <system-out/>
  <testcase classname="com.sunmobility.qa.Testcases.Daily_Station_Report_TC_012" name="checkDailyStationreport" time="31.409"/>
  <system-out/>
</testsuite> <!-- com.sunmobility.qa.Testcases.Daily_Station_Report_TC_012 -->
