<?xml version="1.0" encoding="UTF-8"?>
<!-- Generated by org.testng.reporters.JUnitReportReporter -->
<testsuite hostname="DESKTOP-6581DCU" failures="0" tests="2" name="com.sunmobility.qa.Testcases.BatteryLastseenreport_TC_006" time="144.538" errors="0" timestamp="2020-10-22T12:55:51 IST" skipped="0">
  <testcase classname="com.sunmobility.qa.Testcases.BatteryLastseenreport_TC_006" name="checkBatteryLasetseen" time="71.518"/>
  <system-out/>
  <testcase classname="com.sunmobility.qa.Testcases.BatteryLastseenreport_TC_006" name="checkBatteryLasetseen" time="73.020"/>
  <system-out/>
</testsuite> <!-- com.sunmobility.qa.Testcases.BatteryLastseenreport_TC_006 -->
