<?xml version="1.0" encoding="UTF-8"?>
<!-- Generated by org.testng.reporters.JUnitReportReporter -->
<testsuite hostname="DESKTOP-6581DCU" failures="0" tests="1" name="com.sunmobility.qa.RegressionTestcases.Daily_Station_Report_TC_011" time="41.490" errors="0" timestamp="2020-11-09T10:16:06 IST" skipped="0">
  <testcase classname="com.sunmobility.qa.RegressionTestcases.Daily_Station_Report_TC_011" name="checkDailyStationreport" time="41.490"/>
  <system-out>
Entering user credentials Selecting location Navigating to daily-station-report selecting specified service location selecting specified station-ID selecting the date daily station-report displayed  </system-out>
</testsuite> <!-- com.sunmobility.qa.RegressionTestcases.Daily_Station_Report_TC_011 -->
