<?xml version="1.0" encoding="UTF-8"?>
<!-- Generated by org.testng.reporters.JUnitReportReporter -->
<testsuite hostname="DESKTOP-6581DCU" failures="0" tests="2" name="com.sunmobility.qa.Testcases.BatteryServiceTimeTrend_TC_0014" time="78.420" errors="0" timestamp="2020-10-22T12:55:51 IST" skipped="0">
  <testcase classname="com.sunmobility.qa.Testcases.BatteryServiceTimeTrend_TC_0014" name="checkBatteryServiceTrend" time="40.271"/>
  <system-out/>
  <testcase classname="com.sunmobility.qa.Testcases.BatteryServiceTimeTrend_TC_0014" name="checkBatteryServiceTrend" time="38.149"/>
  <system-out/>
</testsuite> <!-- com.sunmobility.qa.Testcases.BatteryServiceTimeTrend_TC_0014 -->
