<?xml version="1.0" encoding="UTF-8"?>
<!-- Generated by org.testng.reporters.JUnitReportReporter -->
<testsuite hostname="DESKTOP-6581DCU" failures="0" tests="4" name="com.sunmobility.qa.Testcases.BatterStationLiveTest" time="231.479" errors="0" timestamp="2020-10-01T18:14:57 IST" skipped="0">
  <testcase classname="com.sunmobility.qa.Testcases.BatterStationLiveTest" name="getapplicationtitle" time="58.923"/>
  <system-out/>
  <testcase classname="com.sunmobility.qa.Testcases.BatterStationLiveTest" name="selectzone" time="57.170"/>
  <system-out/>
  <testcase classname="com.sunmobility.qa.Testcases.BatterStationLiveTest" name="stationinformation" time="56.846"/>
  <system-out/>
  <testcase classname="com.sunmobility.qa.Testcases.BatterStationLiveTest" name="StaionTemp" time="58.540"/>
  <system-out/>
</testsuite> <!-- com.sunmobility.qa.Testcases.BatterStationLiveTest -->
