<?xml version="1.0" encoding="UTF-8"?>
<!-- Generated by org.testng.reporters.JUnitReportReporter -->
<testsuite hostname="DESKTOP-6581DCU" failures="0" tests="2" name="com.sunmobility.qa.RegressionTestcases.BatteryServiceTimeTrend_TC_015" time="86.374" errors="0" timestamp="2020-11-09T10:16:06 IST" skipped="1">
  <testcase classname="com.sunmobility.qa.RegressionTestcases.BatteryServiceTimeTrend_TC_015" name="checkBatteryServiceTrend" time="50.323"/>
  <system-out>
Entering user credentials Selecting specifed  location Navigating to Battery-serviceTrend selecting the specifed service-loaction and stationID selecting soc change selecting the required date click on submit Battery service Time Trend data is displayed for specifed zone and soc  </system-out>
  <testcase classname="com.sunmobility.qa.RegressionTestcases.BatteryServiceTimeTrend_TC_015" name="checkBatteryServiceTrend" time="36.051">
    <skipped/>
  </testcase> <!-- checkBatteryServiceTrend -->
  <system-out>
Entering user credentials Selecting specifed  location Navigating to Battery-serviceTrend  </system-out>
</testsuite> <!-- com.sunmobility.qa.RegressionTestcases.BatteryServiceTimeTrend_TC_015 -->
