<?xml version="1.0" encoding="UTF-8"?>
<!-- Generated by org.testng.reporters.JUnitReportReporter -->
<testsuite hostname="DESKTOP-6581DCU" failures="0" tests="1" name="com.sunmobility.qa.RegressionTestcases.StationTrend_TC_013" time="45.343" errors="0" timestamp="2020-11-09T10:16:06 IST" skipped="0">
  <testcase classname="com.sunmobility.qa.RegressionTestcases.StationTrend_TC_013" name="checkStationTrend" time="45.343"/>
  <system-out>
Entering user credentials Selecting location Navigating to Station-Trend selecting specified service loaction selecting specified station-ID stationTrend data is displayed  </system-out>
</testsuite> <!-- com.sunmobility.qa.RegressionTestcases.StationTrend_TC_013 -->
