<?xml version="1.0" encoding="UTF-8"?>
<!-- Generated by org.testng.reporters.JUnitReportReporter -->
<testsuite hostname="DESKTOP-6581DCU" failures="0" tests="1" name="com.sunmobility.qa.RegressionTestcases.VehicleTrend_TC_014" time="37.754" errors="0" timestamp="2020-11-09T10:16:06 IST" skipped="0">
  <testcase classname="com.sunmobility.qa.RegressionTestcases.VehicleTrend_TC_014" name="checkVehicleTrend" time="37.754"/>
  <system-out>
Entering user credentials Navigating to Vehicle-Trend Selecting location Selecting the specifed date  </system-out>
</testsuite> <!-- com.sunmobility.qa.RegressionTestcases.VehicleTrend_TC_014 -->
