<?xml version="1.0" encoding="UTF-8"?>
<!-- Generated by org.testng.reporters.JUnitReportReporter -->
<testsuite hostname="DESKTOP-6581DCU" failures="0" tests="2" name="com.sunmobility.qa.Testcases.Daily_Vehicle_Report_TC_007" time="60.280" errors="0" timestamp="2020-10-22T12:55:51 IST" skipped="0">
  <testcase classname="com.sunmobility.qa.Testcases.Daily_Vehicle_Report_TC_007" name="checkVehicleReport" time="31.285"/>
  <system-out/>
  <testcase classname="com.sunmobility.qa.Testcases.Daily_Vehicle_Report_TC_007" name="checkVehicleReport" time="28.995"/>
  <system-out/>
</testsuite> <!-- com.sunmobility.qa.Testcases.Daily_Vehicle_Report_TC_007 -->
