<?xml version="1.0" encoding="UTF-8"?>
<!-- Generated by org.testng.reporters.JUnitReportReporter -->
<testsuite hostname="DESKTOP-6581DCU" failures="0" tests="2" name="com.sunmobility.qa.Testcases.Station_Trend_TC_018" time="69.703" errors="0" timestamp="2020-10-22T12:55:51 IST" skipped="0">
  <testcase classname="com.sunmobility.qa.Testcases.Station_Trend_TC_018" name="checkStationTrend" time="33.362"/>
  <system-out/>
  <testcase classname="com.sunmobility.qa.Testcases.Station_Trend_TC_018" name="checkStationTrend" time="36.341"/>
  <system-out/>
</testsuite> <!-- com.sunmobility.qa.Testcases.Station_Trend_TC_018 -->
