<?xml version="1.0" encoding="UTF-8"?>
<!-- Generated by org.testng.reporters.JUnitReportReporter -->
<testsuite hostname="DESKTOP-6581DCU" failures="0" tests="1" name="com.sunmobility.qa.RegressionTestcases.BatteryAlerts_TC_005" time="124.579" errors="0" timestamp="2020-11-22T12:32:21 IST" skipped="0">
  <testcase classname="com.sunmobility.qa.RegressionTestcases.BatteryAlerts_TC_005" name="checkBatteyAlerts" time="124.579"/>
  <system-out>
Entering user credentials Navigating to Battery alerts page Selecting specified location Battery alerts displayed for specided BatteryID  </system-out>
</testsuite> <!-- com.sunmobility.qa.RegressionTestcases.BatteryAlerts_TC_005 -->
