<?xml version="1.0" encoding="UTF-8"?>
<!-- Generated by org.testng.reporters.JUnitReportReporter -->
<testsuite hostname="DESKTOP-6581DCU" failures="0" tests="1" name="com.sunmobility.qa.RegressionTestcases.BatterysummaryTIU_TC_008" time="94.989" errors="0" timestamp="2020-11-09T10:16:06 IST" skipped="0">
  <testcase classname="com.sunmobility.qa.RegressionTestcases.BatterysummaryTIU_TC_008" name="checkBatterysummaryTIUzone" time="94.989"/>
  <system-out>
Entering user credentials selcting zone Navigating to BatteryTIU selecting sepecfied date click on submit BatterySummaryTIU is displayed  </system-out>
</testsuite> <!-- com.sunmobility.qa.RegressionTestcases.BatterysummaryTIU_TC_008 -->
