<?xml version="1.0" encoding="UTF-8"?>
<!-- Generated by org.testng.reporters.JUnitReportReporter -->
<testsuite hostname="DESKTOP-6581DCU" failures="0" tests="1" name="com.sunmobility.qa.RegressionTestcases.BatteryLive_TC_003" time="32.997" errors="0" timestamp="2020-11-09T10:16:06 IST" skipped="0">
  <testcase classname="com.sunmobility.qa.RegressionTestcases.BatteryLive_TC_003" name="checkBateryLive" time="32.997"/>
  <system-out>
Entering user credentials Selecting the specified locatiion for Battery status Navigating BatteryLivePage BatteryLive page is displayed  </system-out>
</testsuite> <!-- com.sunmobility.qa.RegressionTestcases.BatteryLive_TC_003 -->
