<?xml version="1.0" encoding="UTF-8"?>
<!-- Generated by org.testng.reporters.JUnitReportReporter -->
<testsuite hostname="DESKTOP-6581DCU" failures="0" tests="2" name="com.sunmobility.qa.Testcases.Battery_Service_Time_TC_008" time="50.918" errors="0" timestamp="2020-10-22T12:55:51 IST" skipped="0">
  <testcase classname="com.sunmobility.qa.Testcases.Battery_Service_Time_TC_008" name="checkBatteryserviceTime" time="24.717"/>
  <system-out/>
  <testcase classname="com.sunmobility.qa.Testcases.Battery_Service_Time_TC_008" name="checkBatteryserviceTime" time="26.201"/>
  <system-out/>
</testsuite> <!-- com.sunmobility.qa.Testcases.Battery_Service_Time_TC_008 -->
