<?xml version="1.0" encoding="UTF-8"?>
<!-- Generated by org.testng.reporters.JUnitReportReporter -->
<testsuite hostname="DESKTOP-6581DCU" failures="0" tests="1" name="com.sunmobility.qa.RegressionTestcases.SwapReport_TC_007" time="53.520" errors="0" timestamp="2020-11-09T10:16:06 IST" skipped="0">
  <testcase classname="com.sunmobility.qa.RegressionTestcases.SwapReport_TC_007" name="checkswapreport" time="53.520"/>
  <system-out>
url is opened Entering user credentials Selecting location navigating to swap-report selecting service location selecting specified location selecting the specifed stationID The selected data is displayed  </system-out>
</testsuite> <!-- com.sunmobility.qa.RegressionTestcases.SwapReport_TC_007 -->
