<?xml version="1.0" encoding="UTF-8"?>
<!-- Generated by org.testng.reporters.JUnitReportReporter -->
<testsuite hostname="DESKTOP-6581DCU" failures="0" tests="1" name="com.sunmobility.qa.RegressionTestcases.Daily_Vehicle_Report_TC_010" time="44.512" errors="0" timestamp="2020-11-26T18:19:01 IST" skipped="0">
  <testcase classname="com.sunmobility.qa.RegressionTestcases.Daily_Vehicle_Report_TC_010" name="checkVehicleReport" time="44.512"/>
  <system-out>
URL is opened Entering user credentials Navigating to Daily-vehcile report showing the selected data 5 DailyVehicleReport Data is displayed for particular location  </system-out>
</testsuite> <!-- com.sunmobility.qa.RegressionTestcases.Daily_Vehicle_Report_TC_010 -->
