<?xml version="1.0" encoding="UTF-8"?>
<!-- Generated by org.testng.reporters.JUnitReportReporter -->
<testsuite hostname="DESKTOP-6581DCU" failures="0" tests="1" name="com.sunmobility.qa.RegressionTestcases.StationalertsLive_TC_004" time="33.646" errors="0" timestamp="2020-11-09T10:16:06 IST" skipped="0">
  <testcase classname="com.sunmobility.qa.RegressionTestcases.StationalertsLive_TC_004" name="clickonstationalert" time="33.646"/>
  <system-out>
opening browser Entering user credentials Navigating to stationalertlive Station alerts page displayed with station information  </system-out>
</testsuite> <!-- com.sunmobility.qa.RegressionTestcases.StationalertsLive_TC_004 -->
