<?xml version="1.0" encoding="UTF-8"?>
<!-- Generated by org.testng.reporters.JUnitReportReporter -->
<testsuite hostname="DESKTOP-6581DCU" failures="0" tests="2" name="com.sunmobility.qa.Testcases.SwapReport_TC_004" time="70.408" errors="0" timestamp="2020-10-22T12:55:51 IST" skipped="0">
  <testcase classname="com.sunmobility.qa.Testcases.SwapReport_TC_004" name="checkswapreport" time="36.445"/>
  <system-out/>
  <testcase classname="com.sunmobility.qa.Testcases.SwapReport_TC_004" name="checkswapreport" time="33.963"/>
  <system-out/>
</testsuite> <!-- com.sunmobility.qa.Testcases.SwapReport_TC_004 -->
