<?xml version="1.0" encoding="UTF-8"?>
<!-- Generated by org.testng.reporters.JUnitReportReporter -->
<testsuite hostname="DESKTOP-6581DCU" failures="0" tests="2" name="com.sunmobility.qa.Testcases.Batterysummary_TC_011" time="79.760" errors="0" timestamp="2020-10-22T12:55:50 IST" skipped="0">
  <testcase classname="com.sunmobility.qa.Testcases.Batterysummary_TC_011" name="checkBatterysummary" time="39.493"/>
  <system-out/>
  <testcase classname="com.sunmobility.qa.Testcases.Batterysummary_TC_011" name="checkBatterysummary" time="40.267"/>
  <system-out/>
</testsuite> <!-- com.sunmobility.qa.Testcases.Batterysummary_TC_011 -->
