<?xml version="1.0" encoding="UTF-8"?>
<!-- Generated by org.testng.reporters.JUnitReportReporter -->
<testsuite skipped="1" hostname="DESKTOP-6581DCU" name="com.sunmobility.qa.RegressionTestcases.StationalertsLive_TC_004" tests="2" failures="0" timestamp="23 Nov 2020 04:37:26 GMT" time="74.110" errors="0">
  <testcase name="clickonstationalert" time="33.920" classname="com.sunmobility.qa.RegressionTestcases.StationalertsLive_TC_004">
    <skipped/>
  </testcase> <!-- clickonstationalert -->
  <testcase name="clickonstationalert" time="40.190" classname="com.sunmobility.qa.RegressionTestcases.StationalertsLive_TC_004"/>
</testsuite> <!-- com.sunmobility.qa.RegressionTestcases.StationalertsLive_TC_004 -->
