<?xml version="1.0" encoding="UTF-8"?>
<!-- Generated by org.testng.reporters.JUnitReportReporter -->
<testsuite skipped="0" hostname="DESKTOP-6581DCU" name="com.sunmobility.qa.RegressionTestcases.Battery_Service_Time_TC_012" tests="1" failures="0" timestamp="23 Nov 2020 04:37:26 GMT" time="47.027" errors="0">
  <testcase name="checkBatteryserviceTime" time="47.027" classname="com.sunmobility.qa.RegressionTestcases.Battery_Service_Time_TC_012"/>
</testsuite> <!-- com.sunmobility.qa.RegressionTestcases.Battery_Service_Time_TC_012 -->
