<?xml version="1.0" encoding="UTF-8"?>
<!-- Generated by org.testng.reporters.JUnitReportReporter -->
<testsuite skipped="0" hostname="DESKTOP-6581DCU" name="com.sunmobility.qa.RegressionTestcases.Login_TC_001" tests="2" failures="0" timestamp="23 Nov 2020 04:37:26 GMT" time="66.928" errors="0">
  <testcase name="LoginTest" time="34.405" classname="com.sunmobility.qa.RegressionTestcases.Login_TC_001"/>
  <testcase name="checklogo" time="32.523" classname="com.sunmobility.qa.RegressionTestcases.Login_TC_001"/>
</testsuite> <!-- com.sunmobility.qa.RegressionTestcases.Login_TC_001 -->
