<?xml version="1.0" encoding="UTF-8"?>
<!-- Generated by org.testng.reporters.JUnitReportReporter -->
<testsuite skipped="0" hostname="DESKTOP-6581DCU" name="com.sunmobility.qa.RegressionTestcases.Daily_Vehicle_Report_TC_010" tests="1" failures="0" timestamp="23 Nov 2020 04:37:26 GMT" time="49.011" errors="0">
  <testcase name="checkVehicleReport" time="49.011" classname="com.sunmobility.qa.RegressionTestcases.Daily_Vehicle_Report_TC_010"/>
</testsuite> <!-- com.sunmobility.qa.RegressionTestcases.Daily_Vehicle_Report_TC_010 -->
