<?xml version="1.0" encoding="UTF-8"?>
<!-- Generated by org.testng.reporters.JUnitXMLReporter -->
<testsuite ignored="0" hostname="DESKTOP-6581DCU" failures="0" tests="19" name="CNCv3 AutomationTest Chrome-Browser" time="891.41" errors="0" timestamp="2020-11-09T10:16:06 IST">
  <testcase classname="com.sunmobility.qa.RegressionTestcases.Login_TC_001" name="LoginTest" time="17.998"/>
  <testcase classname="com.sunmobility.qa.RegressionTestcases.Login_TC_001" name="checklogo" time="19.578"/>
  <testcase classname="com.sunmobility.qa.RegressionTestcases.BatteryStationLive_TC_002" name="checkstationlive" time="25.695"/>
  <testcase classname="com.sunmobility.qa.RegressionTestcases.BatteryLive_TC_003" name="checkBateryLive" time="24.128"/>
  <testcase classname="com.sunmobility.qa.RegressionTestcases.StationalertsLive_TC_004" name="clickonstationalert" time="24.881"/>
  <testcase classname="com.sunmobility.qa.RegressionTestcases.BatteryAlerts_TC_005" name="checkBatteyAlerts" time="77.902"/>
  <testcase classname="com.sunmobility.qa.RegressionTestcases.Batterysummary_TC_006" name="checkBatterysummary" time="42.304"/>
  <testcase classname="com.sunmobility.qa.RegressionTestcases.SwapReport_TC_007" name="checkswapreport" time="44.611"/>
  <testcase classname="com.sunmobility.qa.RegressionTestcases.BatterysummaryTIU_TC_008" name="checkBatterysummaryTIUzone" time="86.333"/>
  <testcase classname="com.sunmobility.qa.RegressionTestcases.BatteryLastseenreport_TC_009" name="checkBatteryLasetseen" time="79.577"/>
  <testcase classname="com.sunmobility.qa.RegressionTestcases.Daily_Vehicle_Report_TC_010" name="checkVehicleReport" time="29.825"/>
  <testcase classname="com.sunmobility.qa.RegressionTestcases.Daily_Station_Report_TC_011" name="checkDailyStationreport" time="33.049"/>
  <testcase classname="com.sunmobility.qa.RegressionTestcases.Battery_Service_Time_TC_012" name="checkBatteryserviceTime" time="31.085"/>
  <testcase classname="com.sunmobility.qa.RegressionTestcases.StationTrend_TC_013" name="checkStationTrend" time="36.596"/>
  <testcase classname="com.sunmobility.qa.RegressionTestcases.VehicleTrend_TC_014" name="checkVehicleTrend" time="28.953"/>
  <testcase classname="com.sunmobility.qa.RegressionTestcases.BatteryServiceTimeTrend_TC_015" name="checkBatteryServiceTrend" time="27.391">
    <skipped/>
  </testcase> <!-- checkBatteryServiceTrend -->
  <testcase classname="com.sunmobility.qa.RegressionTestcases.BatteryServiceTimeTrend_TC_015" name="checkBatteryServiceTrend" time="41.363"/>
  <testcase classname="com.sunmobility.qa.RegressionTestcases.PiaggioDriveData_TC_016" name="checkPiaggioData" time="22.021">
    <skipped/>
  </testcase> <!-- checkPiaggioData -->
  <testcase classname="com.sunmobility.qa.RegressionTestcases.PiaggioDriveData_TC_016" name="checkPiaggioData" time="29.734"/>
</testsuite> <!-- CNCv3 AutomationTest Chrome-Browser -->
