<?xml version="1.0" encoding="UTF-8"?>
<!-- Generated by org.testng.reporters.JUnitXMLReporter -->
<testsuite ignored="0" hostname="DESKTOP-6581DCU" failures="1" tests="14" name="CNCv3 AutomationTest" time="721.727" errors="0" timestamp="2020-10-22T10:30:16 IST">
  <testcase classname="com.sunmobility.qa.Testcases.Batterysummary_TC_011" name="checkBatterysummary" time="40.252"/>
  <testcase classname="com.sunmobility.qa.Testcases.SwapReport_TC_004" name="checkswapreport" time="36.888"/>
  <testcase classname="com.sunmobility.qa.Testcases.BatterysummaryTIU_TC_005" name="checkBatterysummaryTIUzone" time="34.296"/>
  <testcase classname="com.sunmobility.qa.Testcases.BatteryLastseenreport_TC_006" name="checkBatteryLasetseen" time="72.559"/>
  <testcase classname="com.sunmobility.qa.Testcases.BatteryStationLive_TC_002" name="clickonstationlive" time="64.615">
    <failure type="org.openqa.selenium.TimeoutException" message="Expected condition failed: waiting for visibility of [[EdgeDriver: msedge on WINDOWS (b868b9f26c5b456f8796e099feece9b3)] -&amp;gt; xpath: //span[contains(.,&amp;apos;Station Live&amp;apos;)]] (tried for 45 second(s) with 500 milliseconds interval)
Build info: version: &amp;apos;3.141.59&amp;apos;, revision: &amp;apos;e82be7d358&amp;apos;, time: &amp;apos;2018-11-14T08:17:03&amp;apos;
System info: host: &amp;apos;DESKTOP-6581DCU&amp;apos;, ip: &amp;apos;10.10.30.168&amp;apos;, os.name: &amp;apos;Windows 10&amp;apos;, os.arch: &amp;apos;amd64&amp;apos;, os.version: &amp;apos;10.0&amp;apos;, java.version: &amp;apos;14.0.2&amp;apos;
Driver info: org.openqa.selenium.edge.EdgeDriver
Capabilities {acceptInsecureCerts: false, browserName: msedge, browserVersion: 86.0.622.48, javascriptEnabled: true, ms:edgeOptions: {debuggerAddress: localhost:53243}, msedge: {msedgedriverVersion: 86.0.622.48 (222fc868353db8..., userDataDir: C:\Users\rakesh\AppData\Loc...}, networkConnectionEnabled: false, pageLoadStrategy: normal, platform: WINDOWS, platformName: WINDOWS, proxy: Proxy(), setWindowRect: true, strictFileInteractability: false, timeouts: {implicit: 0, pageLoad: 300000, script: 30000}, unhandledPromptBehavior: dismiss and notify, webauthn:virtualAuthenticators: true}
Session ID: b868b9f26c5b456f8796e099feece9b3">
      <![CDATA[org.openqa.selenium.TimeoutException: Expected condition failed: waiting for visibility of [[EdgeDriver: msedge on WINDOWS (b868b9f26c5b456f8796e099feece9b3)] -> xpath: //span[contains(.,'Station Live')]] (tried for 45 second(s) with 500 milliseconds interval)
Build info: version: '3.141.59', revision: 'e82be7d358', time: '2018-11-14T08:17:03'
System info: host: 'DESKTOP-6581DCU', ip: '10.10.30.168', os.name: 'Windows 10', os.arch: 'amd64', os.version: '10.0', java.version: '14.0.2'
Driver info: org.openqa.selenium.edge.EdgeDriver
Capabilities {acceptInsecureCerts: false, browserName: msedge, browserVersion: 86.0.622.48, javascriptEnabled: true, ms:edgeOptions: {debuggerAddress: localhost:53243}, msedge: {msedgedriverVersion: 86.0.622.48 (222fc868353db8..., userDataDir: C:\Users\rakesh\AppData\Loc...}, networkConnectionEnabled: false, pageLoadStrategy: normal, platform: WINDOWS, platformName: WINDOWS, proxy: Proxy(), setWindowRect: true, strictFileInteractability: false, timeouts: {implicit: 0, pageLoad: 300000, script: 30000}, unhandledPromptBehavior: dismiss and notify, webauthn:virtualAuthenticators: true}
Session ID: b868b9f26c5b456f8796e099feece9b3
at org.openqa.selenium.support.ui.WebDriverWait.timeoutException(WebDriverWait.java:95)
at org.openqa.selenium.support.ui.FluentWait.until(FluentWait.java:272)
at com.sunmobility.qa.Testcases.Baseclass.webdriverwait(Baseclass.java:98)
at com.sunmobility.qa.pages.BatteryStationLivePage.clickonstationlive(BatteryStationLivePage.java:44)
at com.sunmobility.qa.Testcases.BatteryStationLive_TC_002.clickonstationlive(BatteryStationLive_TC_002.java:27)
at java.base/java.util.ArrayList.forEach(ArrayList.java:1511)
... Removed 27 stack frames]]>
    </failure>
  </testcase> <!-- clickonstationlive -->
  <testcase classname="com.sunmobility.qa.Testcases.BatteryAlerts_TC_0015" name="checkBatteyAlerts" time="84.009"/>
  <testcase classname="com.sunmobility.qa.Testcases.Daily_Vehicle_Report_TC_007" name="checkVehicleReport" time="26.515"/>
  <testcase classname="com.sunmobility.qa.Testcases.Battery_Service_Time_TC_008" name="checkBatteryserviceTime" time="21.889"/>
  <testcase classname="com.sunmobility.qa.Testcases.VehicleTrend_TC_010" name="checkVehicleTrend" time="21.281"/>
  <testcase classname="com.sunmobility.qa.Testcases.PiaggioDriveData_TC_009" name="checkPiaggioData" time="23.327"/>
  <testcase classname="com.sunmobility.qa.Testcases.Station_Trend_TC_018" name="checkStationTrend" time="45.721"/>
  <testcase classname="com.sunmobility.qa.Testcases.BatteryServiceTimeTrend_TC_0014" name="checkBatteryServiceTrend" time="40.94"/>
  <testcase classname="com.sunmobility.qa.Testcases.Daily_Station_Report_TC_012" name="checkDailyStationreport" time="31.561"/>
  <testcase classname="com.sunmobility.qa.Testcases.Login_TC_001" name="LoginTest" time="20.996"/>
</testsuite> <!-- CNCv3 AutomationTest -->
