<?xml version="1.0" encoding="UTF-8"?>
<!-- Generated by org.testng.reporters.JUnitXMLReporter -->
<testsuite ignored="0" hostname="DESKTOP-6581DCU" failures="0" tests="14" name="CNCv3 AutomationTest-Chrome" time="621.241" errors="0" timestamp="2020-10-22T05:33:05 IST">
  <testcase classname="com.sunmobility.qa.Testcases.Batterysummary_TC_011" name="checkBatterysummary" time="45.21"/>
  <testcase classname="com.sunmobility.qa.Testcases.SwapReport_TC_004" name="checkswapreport" time="39.729"/>
  <testcase classname="com.sunmobility.qa.Testcases.BatterysummaryTIU_TC_005" name="checkBatterysummaryTIUzone" time="41.263"/>
  <testcase classname="com.sunmobility.qa.Testcases.BatteryLastseenreport_TC_006" name="checkBatteryLasetseen" time="66.621"/>
  <testcase classname="com.sunmobility.qa.Testcases.BatteryStationLive_TC_002" name="clickonstationlive" time="27.518"/>
  <testcase classname="com.sunmobility.qa.Testcases.BatteryAlerts_TC_0015" name="checkBatteyAlerts" time="55.718"/>
  <testcase classname="com.sunmobility.qa.Testcases.Daily_Vehicle_Report_TC_007" name="checkVehicleReport" time="24.479"/>
  <testcase classname="com.sunmobility.qa.Testcases.Battery_Service_Time_TC_008" name="checkBatteryserviceTime" time="28.0"/>
  <testcase classname="com.sunmobility.qa.Testcases.VehicleTrend_TC_010" name="checkVehicleTrend" time="23.2"/>
  <testcase classname="com.sunmobility.qa.Testcases.PiaggioDriveData_TC_009" name="checkPiaggioData" time="21.859"/>
  <testcase classname="com.sunmobility.qa.Testcases.Station_Trend_TC_018" name="checkStationTrend" time="33.33"/>
  <testcase classname="com.sunmobility.qa.Testcases.BatteryServiceTimeTrend_TC_0014" name="checkBatteryServiceTrend" time="46.387"/>
  <testcase classname="com.sunmobility.qa.Testcases.Daily_Station_Report_TC_012" name="checkDailyStationreport" time="36.909"/>
  <testcase classname="com.sunmobility.qa.Testcases.Login_TC_001" name="LoginTest" time="15.395"/>
</testsuite> <!-- CNCv3 AutomationTest-Chrome -->
